<?xml version="1.0" encoding="UTF-8"?>
<!-- Generated by org.testng.reporters.JUnitReportReporter -->
<testsuite hostname="LAPTOP-NASCGQ94" failures="0" tests="1" name="com.simplilearn.Phase4Project.SetupTest" time="12.307" errors="0" timestamp="2022-09-08T20:49:40 EDT" skipped="0">
  <testcase classname="com.simplilearn.Phase4Project.SetupTest" name="startTest" time="12.307"/>
  <system-out/>
</testsuite> <!-- com.simplilearn.Phase4Project.SetupTest -->
