<?xml version="1.0" encoding="UTF-8"?>
<!-- Generated by org.testng.reporters.JUnitReportReporter -->
<testsuite hostname="LAPTOP-NASCGQ94" failures="0" tests="1" name="testcases.SetupTest" time="23.633" errors="0" timestamp="2022-09-08T22:21:21 EDT" skipped="0">
  <testcase classname="testcases.SetupTest" name="startTest" time="23.633"/>
  <system-out/>
</testsuite> <!-- testcases.SetupTest -->
